
Started POST "/relations" for 127.0.0.1 at 2014-10-27 14:36:19 +0700
Processing by RelationController#create as HTML
  Parameters: {"utf8"=>"✓", "authenticity_token"=>"qtFLVWfujuQRVcvG2eCXA+GHj67zV+Oc64IcvurMHDc=", "relation"=>{"following_id"=>"11"}, "commit"=>"Follow"}
  [1m[36mUser Load (0.0ms)[0m  [1mSELECT "users".* FROM "users" WHERE "users"."id" = ? LIMIT 1[0m  [["id", "11"]]
  [1m[35mUser Load (1.0ms)[0m  SELECT "users".* FROM "users" WHERE "users"."id" = ? LIMIT 1  [["id", 9]]
  [1m[36m (0.0ms)[0m  [1mbegin transaction[0m
  [1m[35mSQL (1.0ms)[0m  INSERT INTO "relations" ("created_at", "follower_id", "following_id", "updated_at") VALUES (?, ?, ?, ?)  [["created_at", Mon, 27 Oct 2014 07:36:19 UTC +00:00], ["follower_id", 9], ["following_id", 11], ["updated_at", Mon, 27 Oct 2014 07:36:19 UTC +00:00]]
  [1m[36m (58.0ms)[0m  [1mcommit transaction[0m
follow: {"id"=>11, "username"=>"quangdung1", "pass"=>"1234", "created_at"=>Tue, 14 Oct 2014 09:44:10 UTC +00:00, "updated_at"=>Tue, 14 Oct 2014 09:44:10 UTC +00:00}
  [1m[35mUser Load (1.0ms)[0m  SELECT "users".* FROM "users" WHERE "users"."id" = ? LIMIT 1  [["id", 9]]
current_user: [9, "quangdung", "sa1234", Tue, 14 Oct 2014 08:51:00 UTC +00:00, Tue, 14 Oct 2014 08:51:00 UTC +00:00]
  [1m[36mCACHE (0.0ms)[0m  [1mSELECT "users".* FROM "users" WHERE "users"."id" = ? LIMIT 1[0m  [["id", 9]]
  [1m[35mUser Load (0.0ms)[0m  SELECT "users".* FROM "users" INNER JOIN "relations" ON "users"."id" = "relations"."following_id" WHERE "relations"."follower_id" = 9
following: [11, "quangdung1", "1234", Tue, 14 Oct 2014 09:44:10 UTC +00:00, Tue, 14 Oct 2014 09:44:10 UTC +00:00]
Redirected to http://localhost:3000/users/11
Completed 302 Found in 73.0ms (ActiveRecord: 61.0ms)


Started GET "/users/11" for 127.0.0.1 at 2014-10-27 14:36:19 +0700
Processing by WelcomeController#sucess as HTML
  Parameters: {"id"=>"11"}
  [1m[36mUser Load (1.0ms)[0m  [1mSELECT "users".* FROM "users" WHERE "users"."id" = ? LIMIT 1[0m  [["id", "11"]]
  [1m[35mUser Load (0.0ms)[0m  SELECT "users".* FROM "users" WHERE "users"."id" = ? LIMIT 1  [["id", 9]]
  [1m[36mCACHE (0.0ms)[0m  [1mSELECT "users".* FROM "users" WHERE "users"."id" = ? LIMIT 1[0m  [["id", 9]]
  [1m[35mCACHE (0.0ms)[0m  SELECT "users".* FROM "users" WHERE "users"."id" = ? LIMIT 1  [["id", 9]]
  [1m[36mUser Exists (0.0ms)[0m  [1mSELECT 1 AS one FROM "users" INNER JOIN "relations" ON "users"."id" = "relations"."following_id" WHERE "relations"."follower_id" = 9 AND "users"."id" = 11 LIMIT 1[0m
  [1m[35mCACHE (0.0ms)[0m  SELECT "users".* FROM "users" WHERE "users"."id" = ? LIMIT 1  [["id", 9]]
  [1m[36mRelation Load (0.0ms)[0m  [1mSELECT "relations".* FROM "relations" WHERE "relations"."follower_id" = 9 AND "relations"."following_id" = 11 LIMIT 1[0m
  [1m[35mUser Load (0.0ms)[0m  SELECT "users".* FROM "users" INNER JOIN "relations" ON "users"."id" = "relations"."following_id" WHERE "relations"."follower_id" = 11
  [1m[36mUser Load (0.0ms)[0m  [1mSELECT "users".* FROM "users" INNER JOIN "relations" ON "users"."id" = "relations"."follower_id" WHERE "relations"."following_id" = 11[0m
  Rendered welcome/sucess.html.erb within layouts/application (10.0ms)
  [1m[35mCACHE (0.0ms)[0m  SELECT "users".* FROM "users" WHERE "users"."id" = ? LIMIT 1  [["id", 9]]
  [1m[36mCACHE (0.0ms)[0m  [1mSELECT "users".* FROM "users" WHERE "users"."id" = ? LIMIT 1[0m  [["id", 9]]
Completed 200 OK in 23.0ms (Views: 22.0ms | ActiveRecord: 1.0ms)


Started GET "/assets/application.css?body=1" for 127.0.0.1 at 2014-10-27 14:36:19 +0700
Served asset /application.css - 304 Not Modified (0ms)


Started GET "/assets/micropost.css?body=1" for 127.0.0.1 at 2014-10-27 14:36:19 +0700
Served asset /micropost.css - 304 Not Modified (0ms)


Started GET "/assets/relation.css?body=1" for 127.0.0.1 at 2014-10-27 14:36:20 +0700
Served asset /relation.css - 304 Not Modified (0ms)


Started GET "/assets/user.css?body=1" for 127.0.0.1 at 2014-10-27 14:36:20 +0700
Served asset /user.css - 304 Not Modified (0ms)


Started GET "/assets/welcome.css?body=1" for 127.0.0.1 at 2014-10-27 14:36:20 +0700
Served asset /welcome.css - 304 Not Modified (0ms)


Started GET "/assets/jquery.js?body=1" for 127.0.0.1 at 2014-10-27 14:36:20 +0700
Served asset /jquery.js - 304 Not Modified (0ms)


Started GET "/assets/jquery_ujs.js?body=1" for 127.0.0.1 at 2014-10-27 14:36:20 +0700
Served asset /jquery_ujs.js - 304 Not Modified (0ms)


Started GET "/assets/micropost.js?body=1" for 127.0.0.1 at 2014-10-27 14:36:20 +0700
Served asset /micropost.js - 304 Not Modified (0ms)


Started GET "/assets/user.js?body=1" for 127.0.0.1 at 2014-10-27 14:36:20 +0700
Served asset /user.js - 304 Not Modified (0ms)


Started GET "/assets/relation.js?body=1" for 127.0.0.1 at 2014-10-27 14:36:20 +0700
Served asset /relation.js - 304 Not Modified (0ms)


Started GET "/assets/welcome.js?body=1" for 127.0.0.1 at 2014-10-27 14:36:20 +0700
Served asset /welcome.js - 304 Not Modified (0ms)


Started GET "/assets/application.js?body=1" for 127.0.0.1 at 2014-10-27 14:36:20 +0700
Served asset /application.js - 304 Not Modified (3ms)
